[2025-07-05 15:55:56,659: INFO: main: Welcome to the Custom logger]
[2025-07-05 16:12:49,174: INFO: main: Welcome to the Custom logger]
[2025-07-05 20:57:50,211: INFO: common: yaml file config\config.yaml loaded successfully]
[2025-07-05 20:57:50,214: INFO: common: yaml file params.yaml loaded successfully]
[2025-07-05 20:59:55,940: INFO: common: yaml file config\config.yaml loaded successfully]
[2025-07-05 20:59:55,943: INFO: common: yaml file params.yaml loaded successfully]
[2025-07-05 21:01:13,371: INFO: common: yaml file config\config.yaml loaded successfully]
[2025-07-05 21:01:13,373: INFO: common: yaml file params.yaml loaded successfully]
[2025-07-05 21:01:13,375: INFO: common: Created Directory at : artifacts]
[2025-07-05 21:01:13,377: INFO: common: Created Directory at : artifacts/data_ingestion]
[2025-07-05 21:03:00,169: INFO: common: yaml file config\config.yaml loaded successfully]
[2025-07-05 21:03:00,171: INFO: common: yaml file params.yaml loaded successfully]
[2025-07-05 21:03:00,174: INFO: common: Created Directory at : artifacts]
[2025-07-05 21:03:00,175: INFO: common: Created Directory at : artifacts/data_ingestion]
[2025-07-05 21:03:00,177: INFO: 2417885337: Downloading Data from https://drive.google.com/file/d/1JVnAlKEgAsle2tRMmJ0IfGnm7a-cy7YE/view?usp=sharing into file artifacts/data_ingestion/data.zip]
[2025-07-05 21:16:18,731: INFO: common: yaml file config\config.yaml loaded successfully]
[2025-07-05 21:16:18,733: INFO: common: yaml file params.yaml loaded successfully]
[2025-07-05 21:16:18,735: INFO: common: Created Directory at : artifacts]
[2025-07-05 21:16:18,736: INFO: common: Created Directory at : artifacts/data_ingestion]
[2025-07-05 21:18:08,183: INFO: common: yaml file config\config.yaml loaded successfully]
[2025-07-05 21:18:08,185: INFO: common: yaml file params.yaml loaded successfully]
[2025-07-05 21:18:08,187: INFO: common: Created Directory at : artifacts]
[2025-07-05 21:18:08,190: INFO: common: Created Directory at : artifacts/data_ingestion]
[2025-07-05 21:19:10,539: INFO: common: yaml file config\config.yaml loaded successfully]
[2025-07-05 21:19:10,542: INFO: common: yaml file params.yaml loaded successfully]
[2025-07-05 21:19:10,544: INFO: common: Created Directory at : artifacts]
[2025-07-05 21:19:10,547: INFO: common: Created Directory at : artifacts/data_ingestion]
[2025-07-05 21:19:32,794: INFO: common: yaml file config\config.yaml loaded successfully]
[2025-07-05 21:19:32,797: INFO: common: yaml file params.yaml loaded successfully]
[2025-07-05 21:19:32,798: INFO: common: Created Directory at : artifacts]
[2025-07-05 21:19:32,799: INFO: common: Created Directory at : artifacts/data_ingestion]
[2025-07-05 21:20:06,411: INFO: common: yaml file config\config.yaml loaded successfully]
[2025-07-05 21:20:06,414: INFO: common: yaml file params.yaml loaded successfully]
[2025-07-05 21:20:06,418: INFO: common: Created Directory at : artifacts]
[2025-07-05 21:20:06,420: INFO: common: Created Directory at : artifacts/data_ingestion]
[2025-07-05 21:45:10,799: INFO: main: Welcome to the Custom logger]
[2025-07-05 21:45:10,800: INFO: main: >>>>>>>>>> Satge Data Ingestion Stage Started <<<<<<<<<<]
[2025-07-05 21:45:10,801: INFO: common: yaml file config\config.yaml loaded successfully]
[2025-07-05 21:45:10,802: INFO: common: yaml file params.yaml loaded successfully]
[2025-07-05 21:45:10,802: INFO: common: Created Directory at : artifacts]
[2025-07-05 21:45:10,802: INFO: common: Created Directory at : artifacts/data_ingestion]
[2025-07-05 21:45:10,804: ERROR: main: [Errno 2] No such file or directory: 'artifacts/data_ingestion/data.zip']
Traceback (most recent call last):
  File "D:\ITI\DS Track\Deep Learning\Projects\Kidney Classification\Kidney-Disease-Classification\main.py", line 11, in <module>
    data_ingestion_one.main()
  File "D:\ITI\DS Track\Deep Learning\Projects\Kidney Classification\Kidney-Disease-Classification\src\CNNClassifierKidneyDiseases\pipeline\first_data_ingestion.py", line 25, in main
    raise e
  File "D:\ITI\DS Track\Deep Learning\Projects\Kidney Classification\Kidney-Disease-Classification\src\CNNClassifierKidneyDiseases\pipeline\first_data_ingestion.py", line 23, in main
    data_ingestion.extraxt_zip_file()
  File "D:\ITI\DS Track\Deep Learning\Projects\Kidney Classification\Kidney-Disease-Classification\src\CNNClassifierKidneyDiseases\components\data_ingestion.py", line 40, in extraxt_zip_file
    with zipfile.ZipFile(self.config.local_data_files , "r")as zip_ref:
         ^^^^^^^^^^^^^^^^^^^^^^^^^^^^^^^^^^^^^^^^^^^^^^^^^^^
  File "C:\Users\omark\AppData\Roaming\uv\python\cpython-3.12.10-windows-x86_64-none\Lib\zipfile\__init__.py", line 1336, in __init__
    self.fp = io.open(file, filemode)
              ^^^^^^^^^^^^^^^^^^^^^^^
FileNotFoundError: [Errno 2] No such file or directory: 'artifacts/data_ingestion/data.zip'
[2025-07-05 21:45:39,705: INFO: main: Welcome to the Custom logger]
[2025-07-05 21:45:39,705: INFO: main: >>>>>>>>>> Satge Data Ingestion Stage Started <<<<<<<<<<]
[2025-07-05 21:45:39,708: INFO: common: yaml file config\config.yaml loaded successfully]
[2025-07-05 21:45:39,709: INFO: common: yaml file params.yaml loaded successfully]
[2025-07-05 21:45:39,710: INFO: common: Created Directory at : artifacts]
[2025-07-05 21:45:39,711: INFO: common: Created Directory at : artifacts/data_ingestion]
[2025-07-05 21:45:39,712: INFO: data_ingestion: Downloading Data from https://drive.google.com/file/d/1JVnAlKEgAsle2tRMmJ0IfGnm7a-cy7YE/view?usp=sharing into file artifacts/data_ingestion/data.zip]
[2025-07-05 21:47:50,187: INFO: data_ingestion: Downloaded data from https://drive.google.com/file/d/1JVnAlKEgAsle2tRMmJ0IfGnm7a-cy7YE/view?usp=sharing into file artifacts/data_ingestion/data.zip]
[2025-07-05 21:47:51,651: INFO: main: >>>>>>>>>> Stage Data Ingestion Stage Completed <<<<<<<<<<]
[2025-07-06 00:21:41,827: INFO: common: yaml file config\config.yaml loaded successfully]
[2025-07-06 00:21:41,840: INFO: common: yaml file params.yaml loaded successfully]
[2025-07-06 00:22:25,731: INFO: common: yaml file config\config.yaml loaded successfully]
[2025-07-06 00:22:25,734: INFO: common: yaml file params.yaml loaded successfully]
[2025-07-06 00:22:25,736: INFO: common: Created Directory at : artifacts]
[2025-07-06 00:22:25,738: INFO: common: Created Directory at : artifacts/prepare_base_model]
[2025-07-06 00:23:36,818: INFO: common: yaml file config\config.yaml loaded successfully]
[2025-07-06 00:23:36,829: INFO: common: yaml file params.yaml loaded successfully]
[2025-07-06 00:23:36,831: INFO: common: Created Directory at : artifacts]
[2025-07-06 00:23:36,832: INFO: common: Created Directory at : artifacts/prepare_base_model]
[2025-07-06 00:27:58,434: INFO: common: yaml file config\config.yaml loaded successfully]
[2025-07-06 00:27:58,438: INFO: common: yaml file params.yaml loaded successfully]
[2025-07-06 00:27:58,439: INFO: common: Created Directory at : artifacts]
[2025-07-06 00:27:58,440: INFO: common: Created Directory at : artifacts/prepare_base_model]
[2025-07-06 00:27:58,819: INFO: _builder: Loading pretrained weights from Hugging Face hub (timm/inception_resnet_v2.tf_in1k)]
[2025-07-06 00:36:25,067: INFO: _hub: [timm/inception_resnet_v2.tf_in1k] Safe alternative available for 'pytorch_model.bin' (as 'model.safetensors'). Loading weights using safetensors.]
[2025-07-06 00:39:48,154: INFO: common: yaml file config\config.yaml loaded successfully]
[2025-07-06 00:39:48,157: INFO: common: yaml file params.yaml loaded successfully]
[2025-07-06 00:39:48,159: INFO: common: Created Directory at : artifacts]
[2025-07-06 00:39:48,161: INFO: common: Created Directory at : artifacts/prepare_base_model]
[2025-07-06 00:39:48,551: INFO: _builder: Loading pretrained weights from Hugging Face hub (timm/inception_resnet_v2.tf_in1k)]
[2025-07-06 00:39:49,097: INFO: _hub: [timm/inception_resnet_v2.tf_in1k] Safe alternative available for 'pytorch_model.bin' (as 'model.safetensors'). Loading weights using safetensors.]
[2025-07-06 00:41:26,987: INFO: common: yaml file config\config.yaml loaded successfully]
[2025-07-06 00:41:26,991: INFO: common: yaml file params.yaml loaded successfully]
[2025-07-06 00:41:26,992: INFO: common: Created Directory at : artifacts]
[2025-07-06 00:41:26,994: INFO: common: Created Directory at : artifacts/prepare_base_model]
[2025-07-06 00:41:27,454: INFO: _builder: Loading pretrained weights from Hugging Face hub (timm/inception_resnet_v2.tf_in1k)]
[2025-07-06 00:41:37,470: INFO: _hub: [timm/inception_resnet_v2.tf_in1k] Safe alternative available for 'pytorch_model.bin' (as 'model.safetensors'). Loading weights using safetensors.]
[2025-07-06 00:42:49,055: INFO: common: yaml file config\config.yaml loaded successfully]
[2025-07-06 00:42:49,057: INFO: common: yaml file params.yaml loaded successfully]
[2025-07-06 00:42:49,059: INFO: common: Created Directory at : artifacts]
[2025-07-06 00:42:49,061: INFO: common: Created Directory at : artifacts/prepare_base_model]
[2025-07-06 00:42:49,404: INFO: _builder: Loading pretrained weights from Hugging Face hub (timm/inception_resnet_v2.tf_in1k)]
[2025-07-06 00:42:49,886: INFO: _hub: [timm/inception_resnet_v2.tf_in1k] Safe alternative available for 'pytorch_model.bin' (as 'model.safetensors'). Loading weights using safetensors.]
[2025-07-06 00:42:59,431: INFO: common: yaml file config\config.yaml loaded successfully]
[2025-07-06 00:42:59,434: INFO: common: yaml file params.yaml loaded successfully]
[2025-07-06 00:42:59,435: INFO: common: Created Directory at : artifacts]
[2025-07-06 00:42:59,436: INFO: common: Created Directory at : artifacts/prepare_base_model]
[2025-07-06 00:42:59,814: INFO: _builder: Loading pretrained weights from Hugging Face hub (timm/inception_resnet_v2.tf_in1k)]
[2025-07-06 00:43:00,050: INFO: _hub: [timm/inception_resnet_v2.tf_in1k] Safe alternative available for 'pytorch_model.bin' (as 'model.safetensors'). Loading weights using safetensors.]
[2025-07-06 00:45:04,107: INFO: common: yaml file config\config.yaml loaded successfully]
[2025-07-06 00:45:04,110: INFO: common: yaml file params.yaml loaded successfully]
[2025-07-06 00:45:04,112: INFO: common: Created Directory at : artifacts]
[2025-07-06 00:45:04,113: INFO: common: Created Directory at : artifacts/prepare_base_model]
[2025-07-06 00:45:04,501: INFO: _builder: Loading pretrained weights from Hugging Face hub (timm/inception_resnet_v2.tf_in1k)]
[2025-07-06 00:45:04,854: INFO: _hub: [timm/inception_resnet_v2.tf_in1k] Safe alternative available for 'pytorch_model.bin' (as 'model.safetensors'). Loading weights using safetensors.]
[2025-07-06 00:45:36,960: INFO: common: yaml file config\config.yaml loaded successfully]
[2025-07-06 00:45:36,964: INFO: common: yaml file params.yaml loaded successfully]
[2025-07-06 00:45:36,967: INFO: common: Created Directory at : artifacts]
[2025-07-06 00:45:36,968: INFO: common: Created Directory at : artifacts/prepare_base_model]
[2025-07-06 00:45:37,539: INFO: _builder: Loading pretrained weights from Hugging Face hub (timm/inception_resnet_v2.tf_in1k)]
[2025-07-06 00:45:37,815: INFO: _hub: [timm/inception_resnet_v2.tf_in1k] Safe alternative available for 'pytorch_model.bin' (as 'model.safetensors'). Loading weights using safetensors.]
[2025-07-06 00:46:43,786: INFO: common: yaml file config\config.yaml loaded successfully]
[2025-07-06 00:46:43,789: INFO: common: yaml file params.yaml loaded successfully]
[2025-07-06 00:46:43,791: INFO: common: Created Directory at : artifacts]
[2025-07-06 00:46:43,792: INFO: common: Created Directory at : artifacts/prepare_base_model]
[2025-07-06 00:46:44,214: INFO: _builder: Loading pretrained weights from Hugging Face hub (timm/inception_resnet_v2.tf_in1k)]
[2025-07-06 00:46:44,429: INFO: _hub: [timm/inception_resnet_v2.tf_in1k] Safe alternative available for 'pytorch_model.bin' (as 'model.safetensors'). Loading weights using safetensors.]
[2025-07-06 00:47:55,072: INFO: common: yaml file config\config.yaml loaded successfully]
[2025-07-06 00:47:55,074: INFO: common: yaml file params.yaml loaded successfully]
[2025-07-06 00:47:55,075: INFO: common: Created Directory at : artifacts]
[2025-07-06 00:47:55,077: INFO: common: Created Directory at : artifacts/prepare_base_model]
[2025-07-06 00:47:57,034: INFO: common: yaml file config\config.yaml loaded successfully]
[2025-07-06 00:47:57,036: INFO: common: yaml file params.yaml loaded successfully]
[2025-07-06 00:47:57,038: INFO: common: Created Directory at : artifacts]
[2025-07-06 00:47:57,039: INFO: common: Created Directory at : artifacts/prepare_base_model]
[2025-07-06 00:48:37,195: INFO: common: yaml file config\config.yaml loaded successfully]
[2025-07-06 00:48:37,198: INFO: common: yaml file params.yaml loaded successfully]
[2025-07-06 00:48:37,200: INFO: common: Created Directory at : artifacts]
[2025-07-06 00:48:37,202: INFO: common: Created Directory at : artifacts/prepare_base_model]
[2025-07-06 00:48:37,534: INFO: _builder: Loading pretrained weights from Hugging Face hub (timm/inception_resnet_v2.tf_in1k)]
[2025-07-06 00:48:37,830: INFO: _hub: [timm/inception_resnet_v2.tf_in1k] Safe alternative available for 'pytorch_model.bin' (as 'model.safetensors'). Loading weights using safetensors.]
[2025-07-06 00:52:25,966: INFO: _builder: Loading pretrained weights from Hugging Face hub (timm/inception_resnet_v2.tf_in1k)]
[2025-07-06 00:52:26,216: INFO: _hub: [timm/inception_resnet_v2.tf_in1k] Safe alternative available for 'pytorch_model.bin' (as 'model.safetensors'). Loading weights using safetensors.]
[2025-07-06 01:00:38,093: INFO: common: yaml file config\config.yaml loaded successfully]
[2025-07-06 01:00:38,097: INFO: common: yaml file params.yaml loaded successfully]
[2025-07-06 01:00:38,099: INFO: common: Created Directory at : artifacts]
[2025-07-06 01:00:38,101: INFO: common: Created Directory at : artifacts/prepare_base_model]
[2025-07-06 01:00:38,431: INFO: _builder: Loading pretrained weights from Hugging Face hub (timm/inception_resnet_v2.tf_in1k)]
[2025-07-06 01:00:39,160: INFO: _hub: [timm/inception_resnet_v2.tf_in1k] Safe alternative available for 'pytorch_model.bin' (as 'model.safetensors'). Loading weights using safetensors.]
[2025-07-06 01:04:25,508: INFO: common: yaml file config\config.yaml loaded successfully]
[2025-07-06 01:04:25,513: INFO: common: yaml file params.yaml loaded successfully]
[2025-07-06 01:04:25,515: INFO: common: Created Directory at : artifacts]
[2025-07-06 01:04:25,516: INFO: common: Created Directory at : artifacts/prepare_base_model]
[2025-07-06 01:04:26,016: INFO: _builder: Loading pretrained weights from Hugging Face hub (timm/inception_resnet_v2.tf_in1k)]
[2025-07-06 01:04:26,199: INFO: _hub: [timm/inception_resnet_v2.tf_in1k] Safe alternative available for 'pytorch_model.bin' (as 'model.safetensors'). Loading weights using safetensors.]
[2025-07-06 01:24:33,759: INFO: main: Welcome to the Custom logger]
[2025-07-06 01:24:33,759: INFO: main: >>>>>>>>>> Satge Data Ingestion Stage Started <<<<<<<<<<]
[2025-07-06 01:24:33,760: INFO: common: yaml file config\config.yaml loaded successfully]
[2025-07-06 01:24:33,762: INFO: common: yaml file params.yaml loaded successfully]
[2025-07-06 01:24:33,762: INFO: common: Created Directory at : artifacts]
[2025-07-06 01:24:33,762: ERROR: main: 'ConfigurationManager' object has no attribute 'get_data_ingestion_config']
Traceback (most recent call last):
  File "D:\ITI\DS Track\Deep Learning\Projects\Kidney Classification\Kidney-Disease-Classification\main.py", line 11, in <module>
    data_ingestion_one.main()
  File "D:\ITI\DS Track\Deep Learning\Projects\Kidney Classification\Kidney-Disease-Classification\src\CNNClassifierKidneyDiseases\pipeline\first_data_ingestion.py", line 25, in main
    raise e
  File "D:\ITI\DS Track\Deep Learning\Projects\Kidney Classification\Kidney-Disease-Classification\src\CNNClassifierKidneyDiseases\pipeline\first_data_ingestion.py", line 18, in main
    data_ingestion_config = config.get_data_ingestion_config()
                            ^^^^^^^^^^^^^^^^^^^^^^^^^^^^^^^^
AttributeError: 'ConfigurationManager' object has no attribute 'get_data_ingestion_config'
[2025-07-06 01:27:50,415: INFO: main: Welcome to the Custom logger]
[2025-07-06 01:27:50,416: INFO: main: >>>>>>>>>> Satge Data Ingestion Stage Started <<<<<<<<<<]
[2025-07-06 01:27:50,417: INFO: common: yaml file config\config.yaml loaded successfully]
[2025-07-06 01:27:50,419: INFO: common: yaml file params.yaml loaded successfully]
[2025-07-06 01:27:50,420: INFO: common: Created Directory at : artifacts]
[2025-07-06 01:27:50,420: ERROR: main: 'ConfigurationManager' object has no attribute 'get_data_ingestion_config']
Traceback (most recent call last):
  File "D:\ITI\DS Track\Deep Learning\Projects\Kidney Classification\Kidney-Disease-Classification\main.py", line 11, in <module>
    data_ingestion_one.main()
  File "D:\ITI\DS Track\Deep Learning\Projects\Kidney Classification\Kidney-Disease-Classification\src\CNNClassifierKidneyDiseases\pipeline\first_data_ingestion.py", line 25, in main
    raise e
  File "D:\ITI\DS Track\Deep Learning\Projects\Kidney Classification\Kidney-Disease-Classification\src\CNNClassifierKidneyDiseases\pipeline\first_data_ingestion.py", line 18, in main
    data_ingestion_config = config.get_data_ingestion_config()
                            ^^^^^^^^^^^^^^^^^^^^^^^^^^^^^^^^
AttributeError: 'ConfigurationManager' object has no attribute 'get_data_ingestion_config'
[2025-07-06 01:32:52,509: INFO: main: Welcome to the Custom logger]
[2025-07-06 01:32:52,510: INFO: main: >>>>>>>>>> Satge Data Ingestion Stage Started <<<<<<<<<<]
[2025-07-06 01:32:52,511: INFO: common: yaml file config\config.yaml loaded successfully]
[2025-07-06 01:32:52,512: INFO: common: yaml file params.yaml loaded successfully]
[2025-07-06 01:32:52,513: INFO: common: Created Directory at : artifacts]
[2025-07-06 01:32:52,513: INFO: common: Created Directory at : artifacts/data_ingestion]
[2025-07-06 01:32:52,514: INFO: data_ingestion: Downloading Data from https://drive.google.com/file/d/1JVnAlKEgAsle2tRMmJ0IfGnm7a-cy7YE/view?usp=sharing into file artifacts/data_ingestion/data.zip]
[2025-07-06 01:33:33,027: INFO: data_ingestion: Downloaded data from https://drive.google.com/file/d/1JVnAlKEgAsle2tRMmJ0IfGnm7a-cy7YE/view?usp=sharing into file artifacts/data_ingestion/data.zip]
[2025-07-06 01:33:33,522: INFO: main: >>>>>>>>>> Stage Data Ingestion Stage Completed <<<<<<<<<<]
[2025-07-06 01:33:33,522: INFO: main: ***************************]
[2025-07-06 01:33:33,522: INFO: main: >>>>>>>>>> stage Prepare Base Model Started <<<<<<<<<<]
[2025-07-06 01:33:33,523: INFO: common: yaml file config\config.yaml loaded successfully]
[2025-07-06 01:33:33,524: INFO: common: yaml file params.yaml loaded successfully]
[2025-07-06 01:33:33,525: INFO: common: Created Directory at : artifacts]
[2025-07-06 01:33:33,525: INFO: common: Created Directory at : artifacts/prepare_base_model]
[2025-07-06 01:33:33,880: INFO: _builder: Loading pretrained weights from Hugging Face hub (timm/inception_resnet_v2.tf_in1k)]
[2025-07-06 01:33:34,311: INFO: _hub: [timm/inception_resnet_v2.tf_in1k] Safe alternative available for 'pytorch_model.bin' (as 'model.safetensors'). Loading weights using safetensors.]
[2025-07-06 01:33:34,770: ERROR: main: PrepareBaseModel._prepare_full_model() got an unexpected keyword argument 'freeze_all']
Traceback (most recent call last):
  File "D:\ITI\DS Track\Deep Learning\Projects\Kidney Classification\Kidney-Disease-Classification\main.py", line 28, in <module>
    obj.main()
  File "D:\ITI\DS Track\Deep Learning\Projects\Kidney Classification\Kidney-Disease-Classification\src\CNNClassifierKidneyDiseases\pipeline\stage_02_prepare_base_model.py", line 18, in main
    prepare_base_model.update_base_model()
  File "D:\ITI\DS Track\Deep Learning\Projects\Kidney Classification\Kidney-Disease-Classification\src\CNNClassifierKidneyDiseases\components\prepare_base_model.py", line 77, in update_base_model
    self.full_model, self.criterion, self.optimizer = self._prepare_full_model(
                                                      ^^^^^^^^^^^^^^^^^^^^^^^^^
TypeError: PrepareBaseModel._prepare_full_model() got an unexpected keyword argument 'freeze_all'
[2025-07-06 01:35:50,120: INFO: main: Welcome to the Custom logger]
[2025-07-06 01:35:50,120: INFO: main: >>>>>>>>>> Satge Data Ingestion Stage Started <<<<<<<<<<]
[2025-07-06 01:35:50,121: INFO: common: yaml file config\config.yaml loaded successfully]
[2025-07-06 01:35:50,122: INFO: common: yaml file params.yaml loaded successfully]
[2025-07-06 01:35:50,123: INFO: common: Created Directory at : artifacts]
[2025-07-06 01:35:50,123: INFO: common: Created Directory at : artifacts/data_ingestion]
[2025-07-06 01:35:50,123: INFO: data_ingestion: Downloading Data from https://drive.google.com/file/d/1JVnAlKEgAsle2tRMmJ0IfGnm7a-cy7YE/view?usp=sharing into file artifacts/data_ingestion/data.zip]
[2025-07-06 01:36:18,734: INFO: main: Welcome to the Custom logger]
[2025-07-06 01:36:18,734: INFO: main: >>>>>>>>>> Satge Data Ingestion Stage Started <<<<<<<<<<]
[2025-07-06 01:36:18,735: INFO: common: yaml file config\config.yaml loaded successfully]
[2025-07-06 01:36:18,736: INFO: common: yaml file params.yaml loaded successfully]
[2025-07-06 01:36:18,737: INFO: common: Created Directory at : artifacts]
[2025-07-06 01:36:18,737: INFO: common: Created Directory at : artifacts/data_ingestion]
[2025-07-06 01:36:18,738: INFO: data_ingestion: Downloading Data from https://drive.google.com/file/d/1JVnAlKEgAsle2tRMmJ0IfGnm7a-cy7YE/view?usp=sharing into file artifacts/data_ingestion/data.zip]
[2025-07-06 01:36:42,018: INFO: data_ingestion: Downloaded data from https://drive.google.com/file/d/1JVnAlKEgAsle2tRMmJ0IfGnm7a-cy7YE/view?usp=sharing into file artifacts/data_ingestion/data.zip]
[2025-07-06 01:36:42,498: INFO: main: >>>>>>>>>> Stage Data Ingestion Stage Completed <<<<<<<<<<]
[2025-07-06 01:36:42,498: INFO: main: ***************************]
[2025-07-06 01:36:42,499: INFO: main: >>>>>>>>>> stage Prepare Base Model Started <<<<<<<<<<]
[2025-07-06 01:36:42,500: INFO: common: yaml file config\config.yaml loaded successfully]
[2025-07-06 01:36:42,501: INFO: common: yaml file params.yaml loaded successfully]
[2025-07-06 01:36:42,501: INFO: common: Created Directory at : artifacts]
[2025-07-06 01:36:42,501: INFO: common: Created Directory at : artifacts/prepare_base_model]
[2025-07-06 01:36:42,853: INFO: _builder: Loading pretrained weights from Hugging Face hub (timm/inception_resnet_v2.tf_in1k)]
[2025-07-06 01:36:43,180: INFO: _hub: [timm/inception_resnet_v2.tf_in1k] Safe alternative available for 'pytorch_model.bin' (as 'model.safetensors'). Loading weights using safetensors.]
[2025-07-06 01:36:44,370: INFO: main: >>>>>>>>>> Stage Prepare Base Model Completed Successfully <<<<<<<<<<]
[2025-07-06 13:08:34,403: INFO: common: yaml file config\config.yaml loaded successfully]
[2025-07-06 13:08:34,418: INFO: common: yaml file params.yaml loaded successfully]
[2025-07-06 13:09:08,468: INFO: common: yaml file config\config.yaml loaded successfully]
[2025-07-06 13:09:08,471: INFO: common: yaml file params.yaml loaded successfully]
[2025-07-06 13:09:08,474: INFO: common: Created Directory at : artifacts]
[2025-07-06 13:09:26,702: INFO: common: yaml file config\config.yaml loaded successfully]
[2025-07-06 13:09:26,705: INFO: common: yaml file params.yaml loaded successfully]
[2025-07-06 13:09:26,708: INFO: common: Created Directory at : artifacts]
[2025-07-06 13:10:49,788: INFO: common: yaml file config\config.yaml loaded successfully]
[2025-07-06 13:10:49,791: INFO: common: yaml file params.yaml loaded successfully]
[2025-07-06 13:10:49,793: INFO: common: Created Directory at : artifacts]
[2025-07-06 13:10:49,795: INFO: common: Created Directory at : artifacts/training]
[2025-07-06 13:11:42,555: INFO: common: yaml file config\config.yaml loaded successfully]
[2025-07-06 13:11:42,558: INFO: common: yaml file params.yaml loaded successfully]
[2025-07-06 13:11:42,560: INFO: common: Created Directory at : artifacts]
[2025-07-06 13:11:42,562: INFO: common: Created Directory at : artifacts/training]
[2025-07-06 13:12:13,023: INFO: common: yaml file config\config.yaml loaded successfully]
[2025-07-06 13:12:13,027: INFO: common: yaml file params.yaml loaded successfully]
[2025-07-06 13:12:13,029: INFO: common: Created Directory at : artifacts]
[2025-07-06 13:12:13,030: INFO: common: Created Directory at : artifacts/training]
[2025-07-06 13:16:15,583: INFO: common: yaml file config\config.yaml loaded successfully]
[2025-07-06 13:16:15,586: INFO: common: yaml file params.yaml loaded successfully]
[2025-07-06 13:16:15,587: INFO: common: Created Directory at : artifacts]
[2025-07-06 13:16:15,589: INFO: common: Created Directory at : artifacts/training]
[2025-07-06 13:18:05,683: INFO: common: yaml file config\config.yaml loaded successfully]
[2025-07-06 13:18:05,686: INFO: common: yaml file params.yaml loaded successfully]
[2025-07-06 13:18:05,687: INFO: common: Created Directory at : artifacts]
[2025-07-06 13:18:05,688: INFO: common: Created Directory at : artifacts/training]
[2025-07-06 13:18:40,896: INFO: common: yaml file config\config.yaml loaded successfully]
[2025-07-06 13:18:40,899: INFO: common: yaml file params.yaml loaded successfully]
[2025-07-06 13:18:40,901: INFO: common: Created Directory at : artifacts]
[2025-07-06 13:18:40,903: INFO: common: Created Directory at : artifacts/training]
[2025-07-06 13:19:20,848: INFO: common: yaml file config\config.yaml loaded successfully]
[2025-07-06 13:19:20,850: INFO: common: yaml file params.yaml loaded successfully]
[2025-07-06 13:19:20,852: INFO: common: Created Directory at : artifacts]
[2025-07-06 13:19:20,854: INFO: common: Created Directory at : artifacts/training]
[2025-07-06 13:19:49,801: INFO: common: yaml file config\config.yaml loaded successfully]
[2025-07-06 13:19:49,804: INFO: common: yaml file params.yaml loaded successfully]
[2025-07-06 13:19:49,805: INFO: common: Created Directory at : artifacts]
[2025-07-06 13:19:49,807: INFO: common: Created Directory at : artifacts/training]
[2025-07-06 13:22:07,615: INFO: common: yaml file config\config.yaml loaded successfully]
[2025-07-06 13:22:07,618: INFO: common: yaml file params.yaml loaded successfully]
[2025-07-06 13:22:07,620: INFO: common: Created Directory at : artifacts]
[2025-07-06 13:22:07,621: INFO: common: Created Directory at : artifacts/training]
[2025-07-06 13:26:16,374: INFO: common: yaml file config\config.yaml loaded successfully]
[2025-07-06 13:26:16,377: INFO: common: yaml file params.yaml loaded successfully]
[2025-07-06 13:26:16,379: INFO: common: Created Directory at : artifacts]
[2025-07-06 13:26:16,381: INFO: common: Created Directory at : artifacts/training]
[2025-07-06 13:27:26,194: INFO: common: yaml file config\config.yaml loaded successfully]
[2025-07-06 13:27:26,197: INFO: common: yaml file params.yaml loaded successfully]
[2025-07-06 13:27:26,199: INFO: common: Created Directory at : artifacts]
[2025-07-06 13:27:26,200: INFO: common: Created Directory at : artifacts/training]
[2025-07-06 13:31:58,153: INFO: main: Welcome to the Custom logger]
[2025-07-06 13:31:58,154: INFO: main: >>>>>>>>>> Satge Data Ingestion Stage Started <<<<<<<<<<]
[2025-07-06 13:31:58,156: INFO: common: yaml file config\config.yaml loaded successfully]
[2025-07-06 13:31:58,158: INFO: common: yaml file params.yaml loaded successfully]
[2025-07-06 13:31:58,158: INFO: common: Created Directory at : artifacts]
[2025-07-06 13:31:58,159: INFO: common: Created Directory at : artifacts/data_ingestion]
[2025-07-06 13:31:58,159: INFO: data_ingestion: Downloading Data from https://drive.google.com/file/d/1JVnAlKEgAsle2tRMmJ0IfGnm7a-cy7YE/view?usp=sharing into file artifacts/data_ingestion/data.zip]
[2025-07-06 13:32:21,019: INFO: data_ingestion: Downloaded data from https://drive.google.com/file/d/1JVnAlKEgAsle2tRMmJ0IfGnm7a-cy7YE/view?usp=sharing into file artifacts/data_ingestion/data.zip]
[2025-07-06 13:32:21,659: INFO: main: >>>>>>>>>> Stage Data Ingestion Stage Completed <<<<<<<<<<]
[2025-07-06 13:32:21,659: INFO: main: ***************************]
[2025-07-06 13:32:21,660: INFO: main: >>>>>>>>>> stage Prepare Base Model Started <<<<<<<<<<]
[2025-07-06 13:32:21,661: INFO: common: yaml file config\config.yaml loaded successfully]
[2025-07-06 13:32:21,663: INFO: common: yaml file params.yaml loaded successfully]
[2025-07-06 13:32:21,663: INFO: common: Created Directory at : artifacts]
[2025-07-06 13:32:21,664: INFO: common: Created Directory at : artifacts/prepare_base_model]
[2025-07-06 13:32:22,184: INFO: _builder: Loading pretrained weights from Hugging Face hub (timm/inception_resnet_v2.tf_in1k)]
[2025-07-06 13:32:22,603: INFO: _hub: [timm/inception_resnet_v2.tf_in1k] Safe alternative available for 'pytorch_model.bin' (as 'model.safetensors'). Loading weights using safetensors.]
[2025-07-06 13:32:25,107: INFO: main: >>>>>>>>>> Stage Prepare Base Model Completed Successfully <<<<<<<<<<]
[2025-07-06 13:33:07,469: INFO: common: yaml file config\config.yaml loaded successfully]
[2025-07-06 13:33:07,473: INFO: common: yaml file params.yaml loaded successfully]
[2025-07-06 13:33:07,475: INFO: common: Created Directory at : artifacts]
[2025-07-06 13:33:07,477: INFO: common: Created Directory at : artifacts/training]
[2025-07-06 13:34:20,384: INFO: common: yaml file config\config.yaml loaded successfully]
[2025-07-06 13:34:20,386: INFO: common: yaml file params.yaml loaded successfully]
[2025-07-06 13:34:20,388: INFO: common: Created Directory at : artifacts]
[2025-07-06 13:34:20,389: INFO: common: Created Directory at : artifacts/training]
[2025-07-06 13:36:35,842: INFO: common: yaml file config\config.yaml loaded successfully]
[2025-07-06 13:36:35,845: INFO: common: yaml file params.yaml loaded successfully]
[2025-07-06 13:36:35,847: INFO: common: Created Directory at : artifacts]
[2025-07-06 13:36:35,850: INFO: common: Created Directory at : artifacts/training]
[2025-07-06 13:40:57,238: INFO: common: yaml file config\config.yaml loaded successfully]
[2025-07-06 13:40:57,258: INFO: common: yaml file params.yaml loaded successfully]
[2025-07-06 13:40:57,260: INFO: common: Created Directory at : artifacts]
[2025-07-06 13:40:57,261: INFO: common: Created Directory at : artifacts/training]
[2025-07-06 13:53:13,765: INFO: common: yaml file config\config.yaml loaded successfully]
[2025-07-06 13:53:13,767: INFO: common: yaml file params.yaml loaded successfully]
[2025-07-06 13:53:13,768: INFO: common: Created Directory at : artifacts]
[2025-07-06 13:53:13,770: INFO: common: Created Directory at : artifacts/training]
[2025-07-06 13:53:13,961: INFO: 1901798204: Training started on device: cpu]
[2025-07-06 13:53:17,823: INFO: 1901798204: Epoch [1/10] - Batch [1/12] - Batch Loss: 0.6907]
[2025-07-06 13:53:21,607: INFO: 1901798204: Epoch [1/10] - Batch [2/12] - Batch Loss: 0.7415]
[2025-07-06 13:53:25,472: INFO: 1901798204: Epoch [1/10] - Batch [3/12] - Batch Loss: 0.5529]
[2025-07-06 13:53:29,326: INFO: 1901798204: Epoch [1/10] - Batch [4/12] - Batch Loss: 0.6272]
[2025-07-06 13:53:33,173: INFO: 1901798204: Epoch [1/10] - Batch [5/12] - Batch Loss: 0.6543]
[2025-07-06 13:53:36,830: INFO: 1901798204: Epoch [1/10] - Batch [6/12] - Batch Loss: 0.6301]
[2025-07-06 13:53:40,651: INFO: 1901798204: Epoch [1/10] - Batch [7/12] - Batch Loss: 0.5814]
[2025-07-06 13:53:44,675: INFO: 1901798204: Epoch [1/10] - Batch [8/12] - Batch Loss: 0.4951]
[2025-07-06 13:53:48,535: INFO: 1901798204: Epoch [1/10] - Batch [9/12] - Batch Loss: 0.5662]
[2025-07-06 13:53:52,996: INFO: 1901798204: Epoch [1/10] - Batch [10/12] - Batch Loss: 0.4811]
[2025-07-06 13:53:56,940: INFO: 1901798204: Epoch [1/10] - Batch [11/12] - Batch Loss: 0.5668]
[2025-07-06 13:53:59,405: INFO: 1901798204: Epoch [1/10] - Batch [12/12] - Batch Loss: 0.5213]
[2025-07-06 13:53:59,406: INFO: 1901798204: Epoch [1/10] - Total Loss: 7.1088 - Accuracy: 0.6909]
[2025-07-06 13:54:03,311: INFO: 1901798204: Epoch [2/10] - Batch [1/12] - Batch Loss: 0.4336]
[2025-07-06 13:54:07,261: INFO: 1901798204: Epoch [2/10] - Batch [2/12] - Batch Loss: 0.4896]
[2025-07-06 13:54:11,184: INFO: 1901798204: Epoch [2/10] - Batch [3/12] - Batch Loss: 0.7265]
[2025-07-06 13:54:14,983: INFO: 1901798204: Epoch [2/10] - Batch [4/12] - Batch Loss: 0.4139]
[2025-07-06 13:54:19,126: INFO: 1901798204: Epoch [2/10] - Batch [5/12] - Batch Loss: 0.4426]
[2025-07-06 13:57:16,138: INFO: common: yaml file config\config.yaml loaded successfully]
[2025-07-06 13:57:16,139: INFO: common: yaml file params.yaml loaded successfully]
[2025-07-06 13:57:16,141: INFO: common: Created Directory at : artifacts]
[2025-07-06 13:57:16,142: INFO: common: Created Directory at : artifacts/training]
[2025-07-06 13:57:16,385: INFO: 1776341136: Training started on device: cpu]
[2025-07-06 13:57:59,874: INFO: 1776341136: Epoch [1/10] - Total Loss: 6.9926 - Accuracy: 0.6774]
[2025-07-06 13:58:43,771: INFO: 1776341136: Epoch [2/10] - Total Loss: 5.5876 - Accuracy: 0.7823]
[2025-07-06 13:59:27,443: INFO: 1776341136: Epoch [3/10] - Total Loss: 4.2378 - Accuracy: 0.8602]
[2025-07-06 14:00:11,054: INFO: 1776341136: Epoch [4/10] - Total Loss: 3.8049 - Accuracy: 0.8844]
[2025-07-06 14:00:56,978: INFO: 1776341136: Epoch [5/10] - Total Loss: 3.3717 - Accuracy: 0.8898]
[2025-07-06 14:01:42,230: INFO: 1776341136: Epoch [6/10] - Total Loss: 3.8698 - Accuracy: 0.8737]
[2025-07-06 14:02:37,094: INFO: 1776341136: Epoch [7/10] - Total Loss: 3.6747 - Accuracy: 0.8763]
[2025-07-06 14:03:32,835: INFO: 1776341136: Epoch [8/10] - Total Loss: 4.0202 - Accuracy: 0.8522]
[2025-07-06 14:04:27,634: INFO: 1776341136: Epoch [9/10] - Total Loss: 3.4889 - Accuracy: 0.8629]
[2025-07-06 14:05:22,702: INFO: 1776341136: Epoch [10/10] - Total Loss: 3.9614 - Accuracy: 0.8575]
[2025-07-06 14:05:35,720: INFO: 1776341136: Validation Accuracy: 0.9462]
[2025-07-06 14:05:36,548: INFO: 1776341136: Model saved to: artifacts\training\model.pth]
[2025-07-06 15:16:31,109: INFO: main: Welcome to the Custom logger]
[2025-07-06 15:16:31,109: INFO: main: >>>>>>>>>> Satge Data Ingestion Stage Started <<<<<<<<<<]
[2025-07-06 15:16:31,111: INFO: common: yaml file config\config.yaml loaded successfully]
[2025-07-06 15:16:31,119: INFO: common: yaml file params.yaml loaded successfully]
[2025-07-06 15:16:31,120: INFO: common: Created Directory at : artifacts]
[2025-07-06 15:16:31,120: INFO: common: Created Directory at : artifacts/data_ingestion]
[2025-07-06 15:16:31,121: INFO: data_ingestion: Downloading Data from https://drive.google.com/file/d/1JVnAlKEgAsle2tRMmJ0IfGnm7a-cy7YE/view?usp=sharing into file artifacts/data_ingestion/data.zip]
[2025-07-06 15:16:54,378: INFO: data_ingestion: Downloaded data from https://drive.google.com/file/d/1JVnAlKEgAsle2tRMmJ0IfGnm7a-cy7YE/view?usp=sharing into file artifacts/data_ingestion/data.zip]
[2025-07-06 15:16:55,035: INFO: main: >>>>>>>>>> Stage Data Ingestion Stage Completed <<<<<<<<<<]
[2025-07-06 15:16:55,036: INFO: main: ***************************]
[2025-07-06 15:16:55,036: INFO: main: >>>>>>>>>> stage Prepare Base Model Started <<<<<<<<<<]
[2025-07-06 15:16:55,038: INFO: common: yaml file config\config.yaml loaded successfully]
[2025-07-06 15:16:55,039: INFO: common: yaml file params.yaml loaded successfully]
[2025-07-06 15:16:55,040: INFO: common: Created Directory at : artifacts]
[2025-07-06 15:16:55,040: INFO: common: Created Directory at : artifacts/prepare_base_model]
[2025-07-06 15:16:55,464: INFO: _builder: Loading pretrained weights from Hugging Face hub (timm/inception_resnet_v2.tf_in1k)]
[2025-07-06 15:16:55,854: INFO: _hub: [timm/inception_resnet_v2.tf_in1k] Safe alternative available for 'pytorch_model.bin' (as 'model.safetensors'). Loading weights using safetensors.]
[2025-07-06 15:16:57,920: INFO: main: >>>>>>>>>> Stage Prepare Base Model Completed Successfully <<<<<<<<<<]
[2025-07-06 15:16:57,920: INFO: main: ***************************]
[2025-07-06 15:16:57,920: INFO: main: >>>>>>>>>> stage Training Started <<<<<<<<<<]
[2025-07-06 15:16:57,922: INFO: common: yaml file config\config.yaml loaded successfully]
[2025-07-06 15:16:57,923: INFO: common: yaml file params.yaml loaded successfully]
[2025-07-06 15:16:57,924: INFO: common: Created Directory at : artifacts]
[2025-07-06 15:16:57,924: INFO: common: Created Directory at : artifacts/prepare_base_model]
[2025-07-06 15:16:58,413: INFO: _builder: Loading pretrained weights from Hugging Face hub (timm/inception_resnet_v2.tf_in1k)]
[2025-07-06 15:16:58,602: INFO: _hub: [timm/inception_resnet_v2.tf_in1k] Safe alternative available for 'pytorch_model.bin' (as 'model.safetensors'). Loading weights using safetensors.]
[2025-07-06 15:17:00,074: INFO: main: >>>>>>>>>> Stage Training Completed Successfully <<<<<<<<<<]
[2025-07-06 15:19:45,110: INFO: main: Welcome to the Custom logger]
[2025-07-06 15:19:45,110: INFO: main: >>>>>>>>>> Satge Data Ingestion Stage Started <<<<<<<<<<]
[2025-07-06 15:19:45,112: INFO: common: yaml file config\config.yaml loaded successfully]
[2025-07-06 15:19:45,113: INFO: common: yaml file params.yaml loaded successfully]
[2025-07-06 15:19:45,113: INFO: common: Created Directory at : artifacts]
[2025-07-06 15:19:45,114: INFO: common: Created Directory at : artifacts/data_ingestion]
[2025-07-06 15:19:45,114: INFO: data_ingestion: Downloading Data from https://drive.google.com/file/d/1JVnAlKEgAsle2tRMmJ0IfGnm7a-cy7YE/view?usp=sharing into file artifacts/data_ingestion/data.zip]
[2025-07-06 15:20:10,178: INFO: data_ingestion: Downloaded data from https://drive.google.com/file/d/1JVnAlKEgAsle2tRMmJ0IfGnm7a-cy7YE/view?usp=sharing into file artifacts/data_ingestion/data.zip]
[2025-07-06 15:20:10,677: INFO: main: >>>>>>>>>> Stage Data Ingestion Stage Completed <<<<<<<<<<]
[2025-07-06 15:20:10,677: INFO: main: ***************************]
[2025-07-06 15:20:10,678: INFO: main: >>>>>>>>>> stage Prepare Base Model Started <<<<<<<<<<]
[2025-07-06 15:20:10,679: INFO: common: yaml file config\config.yaml loaded successfully]
[2025-07-06 15:20:10,680: INFO: common: yaml file params.yaml loaded successfully]
[2025-07-06 15:20:10,681: INFO: common: Created Directory at : artifacts]
[2025-07-06 15:20:10,681: INFO: common: Created Directory at : artifacts/prepare_base_model]
[2025-07-06 15:20:11,029: INFO: _builder: Loading pretrained weights from Hugging Face hub (timm/inception_resnet_v2.tf_in1k)]
[2025-07-06 15:20:11,458: INFO: _hub: [timm/inception_resnet_v2.tf_in1k] Safe alternative available for 'pytorch_model.bin' (as 'model.safetensors'). Loading weights using safetensors.]
[2025-07-06 15:20:13,388: INFO: main: >>>>>>>>>> Stage Prepare Base Model Completed Successfully <<<<<<<<<<]
[2025-07-06 15:20:13,388: INFO: main: ***************************]
[2025-07-06 15:20:13,389: INFO: main: >>>>>>>>>> stage Training Started <<<<<<<<<<]
[2025-07-06 15:20:13,390: INFO: common: yaml file config\config.yaml loaded successfully]
[2025-07-06 15:20:13,391: INFO: common: yaml file params.yaml loaded successfully]
[2025-07-06 15:20:13,392: INFO: common: Created Directory at : artifacts]
[2025-07-06 15:20:13,393: INFO: common: Created Directory at : artifacts/training]
[2025-07-06 15:20:13,906: INFO: model_training: Training started on device: cpu]
[2025-07-06 15:20:56,360: INFO: model_training: Epoch [1/5] - Total Loss: 8.0521 - Accuracy: 0.6210]
[2025-07-06 15:21:40,473: INFO: model_training: Epoch [2/5] - Total Loss: 5.9280 - Accuracy: 0.7930]
[2025-07-06 15:22:31,679: INFO: model_training: Epoch [3/5] - Total Loss: 5.4841 - Accuracy: 0.8038]
[2025-07-06 15:23:19,701: INFO: model_training: Epoch [4/5] - Total Loss: 4.5096 - Accuracy: 0.8333]
[2025-07-06 15:24:05,921: INFO: model_training: Epoch [5/5] - Total Loss: 3.9270 - Accuracy: 0.8602]
[2025-07-06 15:24:19,404: INFO: model_training: Validation Accuracy: 0.8495]
[2025-07-06 15:24:20,412: INFO: model_training: Model saved to: artifacts\training\model.pth]
[2025-07-06 15:24:20,423: INFO: main: >>>>>>>>>> Stage Training Completed Successfully <<<<<<<<<<]
